\BOOKMARK [1][-]{section.1}{Bitwise}{}% 1
\BOOKMARK [2][-]{subsection.1.1}{XOR from 1 to N}{section.1}% 2
\BOOKMARK [1][-]{section.2}{C++}{}% 3
\BOOKMARK [2][-]{subsection.2.1}{Pragma optimize}{section.2}% 4
\BOOKMARK [2][-]{subsection.2.2}{Ordered set and multiset}{section.2}% 5
\BOOKMARK [2][-]{subsection.2.3}{Optimized unordered map}{section.2}% 6
\BOOKMARK [2][-]{subsection.2.4}{Interactive Problems}{section.2}% 7
\BOOKMARK [1][-]{section.3}{Constants}{}% 8
\BOOKMARK [1][-]{section.4}{Counting Problems}{}% 9
\BOOKMARK [2][-]{subsection.4.1}{Burnside's Lemma}{section.4}% 10
\BOOKMARK [1][-]{section.5}{Geometry}{}% 11
\BOOKMARK [1][-]{section.6}{Identities}{}% 12
\BOOKMARK [1][-]{section.7}{Math}{}% 13
\BOOKMARK [2][-]{subsection.7.1}{Trigonometry}{section.7}% 14
\BOOKMARK [2][-]{subsection.7.2}{Logarithm}{section.7}% 15
\BOOKMARK [1][-]{section.8}{Notes}{}% 16
\BOOKMARK [1][-]{section.9}{Number Theory}{}% 17
\BOOKMARK [2][-]{subsection.9.1}{Sum of digits of N written in base b}{section.9}% 18
\BOOKMARK [2][-]{subsection.9.2}{Some Primes}{section.9}% 19
\BOOKMARK [2][-]{subsection.9.3}{Prime counting function - }{section.9}% 20
\BOOKMARK [2][-]{subsection.9.4}{Number of Divisors}{section.9}% 21
\BOOKMARK [2][-]{subsection.9.5}{Large Prime Gaps}{section.9}% 22
\BOOKMARK [2][-]{subsection.9.6}{Fermat's Theorems}{section.9}% 23
\BOOKMARK [2][-]{subsection.9.7}{Diophantine Equations}{section.9}% 24
\BOOKMARK [1][-]{section.10}{Python}{}% 25
